#
# There is insufficient memory for the Java Runtime Environment to continue.
# Native memory allocation (malloc) failed to allocate 850016 bytes for Chunk::new
# Possible reasons:
#   The system is out of physical RAM or swap space
#   In 32 bit mode, the process size limit was hit
# Possible solutions:
#   Reduce memory load on the system
#   Increase physical memory or swap space
#   Check if swap backing store is full
#   Use 64 bit Java on a 64 bit OS
#   Decrease Java heap size (-Xmx/-Xms)
#   Decrease number of Java threads
#   Decrease Java thread stack sizes (-Xss)
#   Set larger code cache with -XX:ReservedCodeCacheSize=
# This output file may be truncated or incomplete.
#
#  Out of Memory Error (allocation.cpp:390), pid=4172, tid=464
#
# JRE version: Java(TM) SE Runtime Environment (8.0_31-b13) (build 1.8.0_31-b13)
# Java VM: Java HotSpot(TM) 64-Bit Server VM (25.31-b07 mixed mode windows-amd64 compressed oops)
# Failed to write core dump. Minidumps are not enabled by default on client versions of Windows
#

---------------  T H R E A D  ---------------

Current thread (0x0000000054c93800):  JavaThread "C2 CompilerThread0" daemon [_thread_in_native, id=464, stack(0x00000000568f0000,0x00000000569f0000)]

Stack: [0x00000000568f0000,0x00000000569f0000]
Native frames: (J=compiled Java code, j=interpreted, Vv=VM code, C=native code)
V  [jvm.dll+0x3169ba]
V  [jvm.dll+0x2674c3]
V  [jvm.dll+0x268103]
V  [jvm.dll+0x25f8f5]
V  [jvm.dll+0xbf025]
V  [jvm.dll+0xbf4cc]
V  [jvm.dll+0x45df82]
V  [jvm.dll+0x49f21f]
V  [jvm.dll+0x453401]
V  [jvm.dll+0x454124]
V  [jvm.dll+0x437c62]
V  [jvm.dll+0x988e2]
V  [jvm.dll+0x990d3]
V  [jvm.dll+0x22c194]
V  [jvm.dll+0x28576a]
C  [msvcr100.dll+0x21d9f]
C  [msvcr100.dll+0x21e3b]
C  [kernel32.dll+0x15a4d]
C  [ntdll.dll+0x2b831]


Current CompileTask:
C2:   4787 2470       4       com.android.dx.merge.DexMerger::transformDebugInfoItem (313 bytes)


---------------  P R O C E S S  ---------------

Java Threads: ( => current thread )
  0x0000000054c9f000 JavaThread "Service Thread" daemon [_thread_blocked, id=1712, stack(0x0000000056e90000,0x0000000056f90000)]
  0x0000000054c95000 JavaThread "C1 CompilerThread2" daemon [_thread_blocked, id=424, stack(0x0000000056c70000,0x0000000056d70000)]
  0x0000000056055000 JavaThread "C2 CompilerThread1" daemon [_thread_in_native, id=3328, stack(0x0000000056a80000,0x0000000056b80000)]
=>0x0000000054c93800 JavaThread "C2 CompilerThread0" daemon [_thread_in_native, id=464, stack(0x00000000568f0000,0x00000000569f0000)]
  0x0000000054c92000 JavaThread "Attach Listener" daemon [_thread_blocked, id=1764, stack(0x0000000056690000,0x0000000056790000)]
  0x0000000054c91000 JavaThread "Signal Dispatcher" daemon [_thread_blocked, id=5112, stack(0x0000000056480000,0x0000000056580000)]
  0x0000000054c36000 JavaThread "Finalizer" daemon [_thread_blocked, id=2576, stack(0x0000000055f50000,0x0000000056050000)]
  0x0000000054c2d000 JavaThread "Reference Handler" daemon [_thread_blocked, id=4748, stack(0x0000000055c60000,0x0000000055d60000)]
  0x0000000001cd8000 JavaThread "main" [_thread_in_Java, id=4500, stack(0x0000000002140000,0x0000000002240000)]

Other Threads:
  0x0000000054c29800 VMThread [stack: 0x0000000055d60000,0x0000000055e60000] [id=4320]
  0x00000000560e7800 WatcherThread [stack: 0x0000000056580000,0x0000000056680000] [id=4116]

VM state:not at safepoint (normal execution)

VM Mutex/Monitor currently owned by a thread: None

Heap:
 PSYoungGen      total 71680K, used 9736K [0x00000000eab00000, 0x00000000efb00000, 0x0000000100000000)
  eden space 62976K, 9% used [0x00000000eab00000,0x00000000eb0b4c20,0x00000000ee880000)
  from space 8704K, 44% used [0x00000000ef180000,0x00000000ef54d668,0x00000000efa00000)
  to   space 9216K, 0% used [0x00000000ee880000,0x00000000ee880000,0x00000000ef180000)
 ParOldGen       total 42496K, used 19753K [0x00000000c0000000, 0x00000000c2980000, 0x00000000eab00000)
  object space 42496K, 46% used [0x00000000c0000000,0x00000000c134a470,0x00000000c2980000)
 Metaspace       used 7668K, capacity 8100K, committed 8320K, reserved 1056768K
  class space    used 748K, capacity 788K, committed 896K, reserved 1048576K

Card table byte_map: [0x00000000118d0000,0x0000000011ae0000] byte_map_base: 0x00000000112d0000

Marking Bits: (ParMarkBitMap*) 0x000000006613d4f0
 Begin Bits: [0x00000000120a0000, 0x00000000130a0000)
 End Bits:   [0x00000000130a0000, 0x00000000140a0000)

Polling page: 0x0000000000310000

CodeCache: size=245760Kb used=8754Kb max_used=8767Kb free=237006Kb
 bounds [0x0000000002510000, 0x0000000002db0000, 0x0000000011510000]
 total_blobs=2763 nmethods=2478 adapters=199
 compilation: enabled

Compilation events (10 events):
Event: 4.595 Thread 0x0000000054c95000 2479       3       com.android.dx.merge.DexMerger$WriterSizes::fourByteAlign (7 bytes)
Event: 4.595 Thread 0x0000000054c95000 nmethod 2479 0x0000000002d946d0 code [0x0000000002d94820, 0x0000000002d94950]
Event: 4.653 Thread 0x0000000054c95000 2483       3       com.android.dx.io.instructions.InstructionCodec$32::decode (74 bytes)
Event: 4.657 Thread 0x0000000054c95000 nmethod 2483 0x0000000002d95310 code [0x0000000002d955e0, 0x0000000002d97058]
Event: 4.657 Thread 0x0000000054c95000 2485       3       com.android.dx.io.instructions.InstructionCodec$32::encode (95 bytes)
Event: 4.660 Thread 0x0000000054c95000 nmethod 2485 0x0000000002d980d0 code [0x0000000002d98360, 0x0000000002d99ea8]
Event: 4.660 Thread 0x0000000054c95000 2486       3       com.android.dx.io.instructions.InstructionCodec$7::decode (50 bytes)
Event: 4.662 Thread 0x0000000054c95000 nmethod 2486 0x0000000002d937d0 code [0x0000000002d939a0, 0x0000000002d941b8]
Event: 4.662 Thread 0x0000000054c95000 2484       3       com.android.dx.io.instructions.PackedSwitchPayloadDecodedInstruction::<init> (22 bytes)
Event: 4.662 Thread 0x0000000054c95000 nmethod 2484 0x0000000002d933d0 code [0x0000000002d93540, 0x0000000002d93728]

GC Heap History (10 events):
Event: 1.255 GC heap after
Heap after GC invocations=1 (full 0):
 PSYoungGen      total 18432K, used 2528K [0x00000000eab00000, 0x00000000ebf80000, 0x0000000100000000)
  eden space 15872K, 0% used [0x00000000eab00000,0x00000000eab00000,0x00000000eba80000)
  from space 2560K, 98% used [0x00000000eba80000,0x00000000ebcf8038,0x00000000ebd00000)
  to   space 2560K, 0% used [0x00000000ebd00000,0x00000000ebd00000,0x00000000ebf80000)
 ParOldGen       total 42496K, used 2261K [0x00000000c0000000, 0x00000000c2980000, 0x00000000eab00000)
  object space 42496K, 5% used [0x00000000c0000000,0x00000000c02355a0,0x00000000c2980000)
 Metaspace       used 5341K, capacity 6704K, committed 6784K, reserved 1056768K
  class space    used 539K, capacity 616K, committed 640K, reserved 1048576K
}
Event: 1.915 GC heap before
{Heap before GC invocations=2 (full 0):
 PSYoungGen      total 18432K, used 18400K [0x00000000eab00000, 0x00000000ebf80000, 0x0000000100000000)
  eden space 15872K, 100% used [0x00000000eab00000,0x00000000eba80000,0x00000000eba80000)
  from space 2560K, 98% used [0x00000000eba80000,0x00000000ebcf8038,0x00000000ebd00000)
  to   space 2560K, 0% used [0x00000000ebd00000,0x00000000ebd00000,0x00000000ebf80000)
 ParOldGen       total 42496K, used 2261K [0x00000000c0000000, 0x00000000c2980000, 0x00000000eab00000)
  object space 42496K, 5% used [0x00000000c0000000,0x00000000c02355a0,0x00000000c2980000)
 Metaspace       used 5611K, capacity 6896K, committed 7040K, reserved 1056768K
  class space    used 549K, capacity 616K, committed 640K, reserved 1048576K
Event: 1.945 GC heap after
Heap after GC invocations=2 (full 0):
 PSYoungGen      total 18432K, used 2528K [0x00000000eab00000, 0x00000000ecf00000, 0x0000000100000000)
  eden space 15872K, 0% used [0x00000000eab00000,0x00000000eab00000,0x00000000eba80000)
  from space 2560K, 98% used [0x00000000ebd00000,0x00000000ebf78028,0x00000000ebf80000)
  to   space 2560K, 0% used [0x00000000eba80000,0x00000000eba80000,0x00000000ebd00000)
 ParOldGen       total 42496K, used 5306K [0x00000000c0000000, 0x00000000c2980000, 0x00000000eab00000)
  object space 42496K, 12% used [0x00000000c0000000,0x00000000c052e960,0x00000000c2980000)
 Metaspace       used 5611K, capacity 6896K, committed 7040K, reserved 1056768K
  class space    used 549K, capacity 616K, committed 640K, reserved 1048576K
}
Event: 2.189 GC heap before
{Heap before GC invocations=3 (full 0):
 PSYoungGen      total 18432K, used 17809K [0x00000000eab00000, 0x00000000ecf00000, 0x0000000100000000)
  eden space 15872K, 96% used [0x00000000eab00000,0x00000000eb9ec408,0x00000000eba80000)
  from space 2560K, 98% used [0x00000000ebd00000,0x00000000ebf78028,0x00000000ebf80000)
  to   space 2560K, 0% used [0x00000000eba80000,0x00000000eba80000,0x00000000ebd00000)
 ParOldGen       total 42496K, used 5306K [0x00000000c0000000, 0x00000000c2980000, 0x00000000eab00000)
  object space 42496K, 12% used [0x00000000c0000000,0x00000000c052e960,0x00000000c2980000)
 Metaspace       used 5654K, capacity 6960K, committed 7040K, reserved 1056768K
  class space    used 549K, capacity 616K, committed 640K, reserved 1048576K
Event: 2.204 GC heap after
Heap after GC invocations=3 (full 0):
 PSYoungGen      total 18432K, used 2536K [0x00000000eab00000, 0x00000000ecf00000, 0x0000000100000000)
  eden space 15872K, 0% used [0x00000000eab00000,0x00000000eab00000,0x00000000eba80000)
  from space 2560K, 99% used [0x00000000eba80000,0x00000000ebcfa0b0,0x00000000ebd00000)
  to   space 2560K, 0% used [0x00000000ecc80000,0x00000000ecc80000,0x00000000ecf00000)
 ParOldGen       total 42496K, used 9435K [0x00000000c0000000, 0x00000000c2980000, 0x00000000eab00000)
  object space 42496K, 22% used [0x00000000c0000000,0x00000000c0936d30,0x00000000c2980000)
 Metaspace       used 5654K, capacity 6960K, committed 7040K, reserved 1056768K
  class space    used 549K, capacity 616K, committed 640K, reserved 1048576K
}
Event: 2.279 GC heap before
{Heap before GC invocations=4 (full 0):
 PSYoungGen      total 18432K, used 17170K [0x00000000eab00000, 0x00000000ecf00000, 0x0000000100000000)
  eden space 15872K, 92% used [0x00000000eab00000,0x00000000eb94aa40,0x00000000eba80000)
  from space 2560K, 99% used [0x00000000eba80000,0x00000000ebcfa0b0,0x00000000ebd00000)
  to   space 2560K, 0% used [0x00000000ecc80000,0x00000000ecc80000,0x00000000ecf00000)
 ParOldGen       total 42496K, used 9435K [0x00000000c0000000, 0x00000000c2980000, 0x00000000eab00000)
  object space 42496K, 22% used [0x00000000c0000000,0x00000000c0936d30,0x00000000c2980000)
 Metaspace       used 5666K, capacity 6960K, committed 7040K, reserved 1056768K
  class space    used 549K, capacity 616K, committed 640K, reserved 1048576K
Event: 2.291 GC heap after
Heap after GC invocations=4 (full 0):
 PSYoungGen      total 34304K, used 2528K [0x00000000eab00000, 0x00000000ecf00000, 0x0000000100000000)
  eden space 31744K, 0% used [0x00000000eab00000,0x00000000eab00000,0x00000000eca00000)
  from space 2560K, 98% used [0x00000000ecc80000,0x00000000ecef8028,0x00000000ecf00000)
  to   space 2560K, 0% used [0x00000000eca00000,0x00000000eca00000,0x00000000ecc80000)
 ParOldGen       total 42496K, used 15631K [0x00000000c0000000, 0x00000000c2980000, 0x00000000eab00000)
  object space 42496K, 36% used [0x00000000c0000000,0x00000000c0f43de0,0x00000000c2980000)
 Metaspace       used 5666K, capacity 6960K, committed 7040K, reserved 1056768K
  class space    used 549K, capacity 616K, committed 640K, reserved 1048576K
}
Event: 4.352 GC heap before
{Heap before GC invocations=5 (full 0):
 PSYoungGen      total 34304K, used 33993K [0x00000000eab00000, 0x00000000ecf00000, 0x0000000100000000)
  eden space 31744K, 99% used [0x00000000eab00000,0x00000000ec9ba588,0x00000000eca00000)
  from space 2560K, 98% used [0x00000000ecc80000,0x00000000ecef8028,0x00000000ecf00000)
  to   space 2560K, 0% used [0x00000000eca00000,0x00000000eca00000,0x00000000ecc80000)
 ParOldGen       total 42496K, used 15631K [0x00000000c0000000, 0x00000000c2980000, 0x00000000eab00000)
  object space 42496K, 36% used [0x00000000c0000000,0x00000000c0f43de0,0x00000000c2980000)
 Metaspace       used 7632K, capacity 8100K, committed 8320K, reserved 1056768K
  class space    used 748K, capacity 788K, committed 896K, reserved 1048576K
Event: 4.378 GC heap after
Heap after GC invocations=5 (full 0):
 PSYoungGen      total 34304K, used 2547K [0x00000000eab00000, 0x00000000efa00000, 0x0000000100000000)
  eden space 31744K, 0% used [0x00000000eab00000,0x00000000eab00000,0x00000000eca00000)
  from space 2560K, 99% used [0x00000000eca00000,0x00000000ecc7cd20,0x00000000ecc80000)
  to   space 8704K, 0% used [0x00000000ef180000,0x00000000ef180000,0x00000000efa00000)
 ParOldGen       total 42496K, used 19489K [0x00000000c0000000, 0x00000000c2980000, 0x00000000eab00000)
  object space 42496K, 45% used [0x00000000c0000000,0x00000000c1308458,0x00000000c2980000)
 Metaspace       used 7632K, capacity 8100K, committed 8320K, reserved 1056768K
  class space    used 748K, capacity 788K, committed 896K, reserved 1048576K
}
Event: 4.699 GC heap before
{Heap before GC invocations=6 (full 0):
 PSYoungGen      total 34304K, used 32387K [0x00000000eab00000, 0x00000000efa00000, 0x0000000100000000)
  eden space 31744K, 94% used [0x00000000eab00000,0x00000000ec823f78,0x00000000eca00000)
  from space 2560K, 99% used [0x00000000eca00000,0x00000000ecc7cd20,0x00000000ecc80000)
  to   space 8704K, 0% used [0x00000000ef180000,0x00000000ef180000,0x00000000efa00000)
 ParOldGen       total 42496K, used 19489K [0x00000000c0000000, 0x00000000c2980000, 0x00000000eab00000)
  object space 42496K, 45% used [0x00000000c0000000,0x00000000c1308458,0x00000000c2980000)
 Metaspace       used 7663K, capacity 8100K, committed 8320K, reserved 1056768K
  class space    used 748K, capacity 788K, committed 896K, reserved 1048576K

Deoptimization events (10 events):
Event: 3.579 Thread 0x0000000001cd8000 Uncommon trap: reason=predicate action=maybe_recompile pc=0x0000000002c09de4 method=com.android.dex.Leb128.writeUnsignedLeb128(Lcom/android/dex/util/ByteOutput;I)V @ 9
Event: 3.709 Thread 0x0000000001cd8000 Uncommon trap: reason=unreached action=reinterpret pc=0x0000000002be5f58 method=java.util.HashMap.putVal(ILjava/lang/Object;Ljava/lang/Object;ZZ)Ljava/lang/Object; @ 109
Event: 3.709 Thread 0x0000000001cd8000 Uncommon trap: reason=unreached action=reinterpret pc=0x0000000002bdb03c method=java.util.HashMap.putVal(ILjava/lang/Object;Ljava/lang/Object;ZZ)Ljava/lang/Object; @ 109
Event: 3.917 Thread 0x0000000001cd8000 Uncommon trap: reason=class_check action=maybe_recompile pc=0x0000000002a9b5fc method=java.util.ArrayList.<init>(Ljava/util/Collection;)V @ 6
Event: 3.929 Thread 0x0000000001cd8000 Uncommon trap: reason=class_check action=maybe_recompile pc=0x0000000002a9b5fc method=java.util.ArrayList.<init>(Ljava/util/Collection;)V @ 6
Event: 3.957 Thread 0x0000000001cd8000 Uncommon trap: reason=predicate action=maybe_recompile pc=0x0000000002c6bfcc method=com.android.dex.Leb128.readUnsignedLeb128(Lcom/android/dex/util/ByteInput;)I @ 41
Event: 4.159 Thread 0x0000000001cd8000 Uncommon trap: reason=unreached action=reinterpret pc=0x0000000002b02bf0 method=java.util.HashMap.getNode(ILjava/lang/Object;)Ljava/util/HashMap$Node; @ 84
Event: 4.160 Thread 0x0000000001cd8000 Uncommon trap: reason=unreached action=reinterpret pc=0x0000000002b01188 method=java.util.HashMap.getNode(ILjava/lang/Object;)Ljava/util/HashMap$Node; @ 84
Event: 4.486 Thread 0x0000000001cd8000 Uncommon trap: reason=unloaded action=reinterpret pc=0x0000000002d7c760 method=com.android.dx.io.instructions.InstructionCodec.decodeRegisterList(Lcom/android/dx/io/instructions/InstructionCodec;ILcom/android/dx/io/instructions/CodeInput;)Lcom/android/dx/ieÿt£_"@
Event: 4.534 Thread 0x0000000001cd8000 Uncommon trap: reason=unloaded action=reinterpret pc=0x0000000002d7f384 method=com.android.dx.io.instructions.InstructionCodec.decodeRegisterList(Lcom/android/dx/io/instructions/InstructionCodec;ILcom/android/dx/io/instructions/CodeInput;)Lcom/android/dx/iª·Vbn¡@

Internal exceptions (10 events):
Event: 3.791 Thread 0x0000000001cd8000 Exception <a 'java/security/PrivilegedActionException'> (0x00000000eb39f6a0) thrown at [C:\workspace\8-2-build-windows-amd64-cygwin\jdk8u31\2394\hotspot\src\share\vm\prims\jvm.cpp, line 1312]
Event: 3.793 Thread 0x0000000001cd8000 Exception <a 'java/security/PrivilegedActionException'> (0x00000000eb3a28d0) thrown at [C:\workspace\8-2-build-windows-amd64-cygwin\jdk8u31\2394\hotspot\src\share\vm\prims\jvm.cpp, line 1312]
Event: 3.794 Thread 0x0000000001cd8000 Exception <a 'java/security/PrivilegedActionException'> (0x00000000eb3a5f38) thrown at [C:\workspace\8-2-build-windows-amd64-cygwin\jdk8u31\2394\hotspot\src\share\vm\prims\jvm.cpp, line 1312]
Event: 3.799 Thread 0x0000000001cd8000 Exception <a 'java/security/PrivilegedActionException'> (0x00000000eb3ad320) thrown at [C:\workspace\8-2-build-windows-amd64-cygwin\jdk8u31\2394\hotspot\src\share\vm\prims\jvm.cpp, line 1312]
Event: 3.800 Thread 0x0000000001cd8000 Exception <a 'java/security/PrivilegedActionException'> (0x00000000eb3af700) thrown at [C:\workspace\8-2-build-windows-amd64-cygwin\jdk8u31\2394\hotspot\src\share\vm\prims\jvm.cpp, line 1312]
Event: 3.911 Thread 0x0000000001cd8000 Exception <a 'java/security/PrivilegedActionException'> (0x00000000eb4d42e0) thrown at [C:\workspace\8-2-build-windows-amd64-cygwin\jdk8u31\2394\hotspot\src\share\vm\prims\jvm.cpp, line 1312]
Event: 3.911 Thread 0x0000000001cd8000 Exception <a 'java/security/PrivilegedActionException'> (0x00000000eb4d4628) thrown at [C:\workspace\8-2-build-windows-amd64-cygwin\jdk8u31\2394\hotspot\src\share\vm\prims\jvm.cpp, line 1312]
Event: 3.913 Thread 0x0000000001cd8000 Exception <a 'java/security/PrivilegedActionException'> (0x00000000eb4d86e0) thrown at [C:\workspace\8-2-build-windows-amd64-cygwin\jdk8u31\2394\hotspot\src\share\vm\prims\jvm.cpp, line 1312]
Event: 3.913 Thread 0x0000000001cd8000 Exception <a 'java/security/PrivilegedActionException'> (0x00000000eb4d8a28) thrown at [C:\workspace\8-2-build-windows-amd64-cygwin\jdk8u31\2394\hotspot\src\share\vm\prims\jvm.cpp, line 1312]
Event: 4.457 Thread 0x0000000001cd8000 Exception <a 'java/security/PrivilegedActionException'> (0x00000000eb27d050) thrown at [C:\workspace\8-2-build-windows-amd64-cygwin\jdk8u31\2394\hotspot\src\share\vm\prims\jvm.cpp, line 1312]

Events (10 events):
Event: 4.486 Thread 0x0000000001cd8000 DEOPT PACKING pc=0x0000000002d7c760 sp=0x000000000223eee0
Event: 4.486 Thread 0x0000000001cd8000 DEOPT UNPACKING pc=0x000000000255556a sp=0x000000000223ed78 mode 2
Event: 4.534 Thread 0x0000000001cd8000 Uncommon trap: trap_request=0x0000001d fr.pc=0x0000000002d7f384
Event: 4.534 Thread 0x0000000001cd8000 DEOPT PACKING pc=0x0000000002d7f384 sp=0x000000000223ee60
Event: 4.534 Thread 0x0000000001cd8000 DEOPT UNPACKING pc=0x000000000255556a sp=0x000000000223ede8 mode 2
Event: 4.603 Thread 0x0000000001cd8000 DEOPT PACKING pc=0x0000000002d38549 sp=0x000000000223f200
Event: 4.603 Thread 0x0000000001cd8000 DEOPT UNPACKING pc=0x00000000025571bf sp=0x000000000223ef80 mode 0
Event: 4.611 Thread 0x0000000001cd8000 DEOPT PACKING pc=0x0000000002d38549 sp=0x000000000223f200
Event: 4.611 Thread 0x0000000001cd8000 DEOPT UNPACKING pc=0x00000000025571bf sp=0x000000000223ef80 mode 0
Event: 4.699 Executing VM operation: ParallelGCFailedAllocation


Dynamic libraries:
0x000000013fda0000 - 0x000000013fdd4000 	C:\Program Files\Java\jdk1.8.0_31\bin\java.exe
0x0000000077c40000 - 0x0000000077de9000 	C:\Windows\SYSTEM32\ntdll.dll
0x0000000077b20000 - 0x0000000077c40000 	C:\Windows\system32\kernel32.dll
0x000007fefda00000 - 0x000007fefda6c000 	C:\Windows\system32\KERNELBASE.dll
0x000007feff660000 - 0x000007feff73b000 	C:\Windows\system32\ADVAPI32.dll
0x000007feffce0000 - 0x000007feffd7f000 	C:\Windows\system32\msvcrt.dll
0x000007fefe810000 - 0x000007fefe82f000 	C:\Windows\SYSTEM32\sechost.dll
0x000007fefe470000 - 0x000007fefe59d000 	C:\Windows\system32\RPCRT4.dll
0x0000000077a20000 - 0x0000000077b1a000 	C:\Windows\system32\USER32.dll
0x000007fefdfa0000 - 0x000007fefe007000 	C:\Windows\system32\GDI32.dll
0x000007feffe90000 - 0x000007feffe9e000 	C:\Windows\system32\LPK.dll
0x000007fefe740000 - 0x000007fefe80a000 	C:\Windows\system32\USP10.dll
0x000007fefbf70000 - 0x000007fefc164000 	C:\Windows\WinSxS\amd64_microsoft.windows.common-controls_6595b64144ccf1df_6.0.7601.18837_none_fa3b1e3d17594757\COMCTL32.dll
0x000007feff7e0000 - 0x000007feff851000 	C:\Windows\system32\SHLWAPI.dll
0x000007fefff20000 - 0x000007fefff4e000 	C:\Windows\system32\IMM32.DLL
0x000007feffd80000 - 0x000007feffe89000 	C:\Windows\system32\MSCTF.dll
0x000000006ae20000 - 0x000000006aef2000 	C:\Program Files\Java\jdk1.8.0_31\jre\bin\msvcr100.dll
0x0000000065960000 - 0x00000000661ba000 	C:\Program Files\Java\jdk1.8.0_31\jre\bin\server\jvm.dll
0x000007fef8690000 - 0x000007fef8699000 	C:\Windows\system32\WSOCK32.dll
0x000007fefe010000 - 0x000007fefe05d000 	C:\Windows\system32\WS2_32.dll
0x000007fefe5a0000 - 0x000007fefe5a8000 	C:\Windows\system32\NSI.dll
0x000007fef9960000 - 0x000007fef999b000 	C:\Windows\system32\WINMM.dll
0x0000000077e10000 - 0x0000000077e17000 	C:\Windows\system32\PSAPI.DLL
0x0000000073190000 - 0x000000007319f000 	C:\Program Files\Java\jdk1.8.0_31\jre\bin\verify.dll
0x000000006b430000 - 0x000000006b458000 	C:\Program Files\Java\jdk1.8.0_31\jre\bin\java.dll
0x000000006b3b0000 - 0x000000006b3c6000 	C:\Program Files\Java\jdk1.8.0_31\jre\bin\zip.dll
0x000007fefe830000 - 0x000007feff5b9000 	C:\Windows\system32\SHELL32.dll
0x000007feff860000 - 0x000007feffa63000 	C:\Windows\system32\ole32.dll
0x000007fefd9f0000 - 0x000007fefd9ff000 	C:\Windows\system32\profapi.dll
0x000007fef0020000 - 0x000007fef0145000 	C:\Windows\system32\dbghelp.dll

VM Arguments:
jvm_args: -Xmx1024M -Dfile.encoding=windows-1252 -Duser.country=ES -Duser.language=es -Duser.variant 
java_command: com.android.dx.command.Main --dex --output C:\Users\user\AndroidStudioProjects\HistoriaLiga\app\build\intermediates\dex\release C:\Users\user\AndroidStudioProjects\HistoriaLiga\app\build\intermediates\classes\release C:\Users\user\AndroidStudioProjects\HistoriaLiga\app\build\intermediates\pre-dexed\release\support-annotations-23.1.0-663270283fa374e7034b14be5a187e68c8881c63.jar C:\Users\user\AndroidStudioProjects\HistoriaLiga\app\build\intermediates\pre-dexed\release\classes-0d2c290a88c1be7b05bc138ee43dd32d1b3772ac.jar C:\Users\user\AndroidStudioProjects\HistoriaLiga\app\build\intermediates\pre-dexed\release\classes-a12d526634517b53699094ed5c2084e9304e1550.jar C:\Users\user\AndroidStudioProjects\HistoriaLiga\app\build\intermediates\pre-dexed\release\classes-0cfe8a8eedf605a9ac82b2109cec5ce2f27f2c99.jar C:\Users\user\AndroidStudioProjects\HistoriaLiga\app\build\intermediates\pre-dexed\release\classes-49041fa79c1af128bdd48a88b795f05c6378ab36.jar C:\Users\user\AndroidStudioProjects\HistoriaLiga\app\build\intermediates\pre-dexed\release\classes-6da9773ce5a73ef6875586a68edc0ca62d0bed81.jar C:\Users\user\AndroidStudioProjects\HistoriaLiga\app\build\intermediates\pre-dexed\release\classes-ea91ffda42904ed951b6c4eb28db073b0c84c7cb.jar C:\Users\user\AndroidStudioProjects\HistoriaLiga\app\build\intermediates\pre-dexed\release\classes-b70c0554aa35762b0eeab5df4d23890553cce148.jar C:\Users\user\AndroidStudioProjects\HistoriaLiga\app\build\intermediates\pre-dexed\release\classes-ad24c3118fb249b6dc1d3705064a7b2b51012e56.jar C:\Users\user\AndroidStudioProjects\HistoriaLiga\app\build\intermediates\pre-dexed\release\classes-dd82784edb4b12bcaed470ff8dc076bb53211e56.jar C:\Users\user\AndroidStudioProjects\HistoriaLiga\app\build\intermediates\pre-dexed\release\classes-2d6234c74693294aa6bf80244dba8bb7bd653946.jar C:\Users\user\AndroidStudioProjects\HistoriaLiga\app\build\intermediates\pre-dexed\release\aws-android-sdk-cognito-2.2.9-2315d44afe94cb1e23ce19908eedd5f64bb4adcb.ja
java_class_path (initial): C:\Users\user\AppData\Local\Android\sdk\build-tools\21.1.2\lib\dx.jar
Launcher Type: SUN_STANDARD

Environment Variables:
PATH=C:\ProgramData\Oracle\Java\javapath;C:\Windows\system32;C:\Windows;C:\Windows\System32\Wbem;C:\Windows\System32\WindowsPowerShell\v1.0\;C:\Program Files\Intel\WiFi\bin\;C:\Program Files\Common Files\Intel\WirelessCommon\;C:\Program Files\ThinkPad\Bluetooth Software\;C:\Program Files\ThinkPad\Bluetooth Software\syswow64;C:\Program Files\Intel\WiFi\bin\;C:\Program Files\Common Files\Intel\WirelessCommon\
USERNAME=user
OS=Windows_NT
PROCESSOR_IDENTIFIER=Intel64 Family 6 Model 37 Stepping 5, GenuineIntel



---------------  S Y S T E M  ---------------

OS: Windows 7 , 64 bit Build 7601 Service Pack 1

CPU:total 4 (2 cores per cpu, 2 threads per core) family 6 model 37 stepping 5, cmov, cx8, fxsr, mmx, sse, sse2, sse3, ssse3, sse4.1, sse4.2, popcnt, aes, clmul, ht, tsc, tscinvbit

Memory: 4k page, physical 3985072k(461840k free), swap 4642608k(6432k free)

vm_info: Java HotSpot(TM) 64-Bit Server VM (25.31-b07) for windows-amd64 JRE (1.8.0_31-b13), built on Dec 17 2014 21:00:28 by "java_re" with MS VC++ 10.0 (VS2010)

time: Wed Jan 13 22:34:25 2016
elapsed time: 4 seconds (0d 0h 0m 4s)

