#
# There is insufficient memory for the Java Runtime Environment to continue.
# Native memory allocation (malloc) failed to allocate 1172896 bytes for Chunk::new
# Possible reasons:
#   The system is out of physical RAM or swap space
#   In 32 bit mode, the process size limit was hit
# Possible solutions:
#   Reduce memory load on the system
#   Increase physical memory or swap space
#   Check if swap backing store is full
#   Use 64 bit Java on a 64 bit OS
#   Decrease Java heap size (-Xmx/-Xms)
#   Decrease number of Java threads
#   Decrease Java thread stack sizes (-Xss)
#   Set larger code cache with -XX:ReservedCodeCacheSize=
# This output file may be truncated or incomplete.
#
#  Out of Memory Error (allocation.cpp:390), pid=4924, tid=1956
#
# JRE version: Java(TM) SE Runtime Environment (8.0_31-b13) (build 1.8.0_31-b13)
# Java VM: Java HotSpot(TM) 64-Bit Server VM (25.31-b07 mixed mode windows-amd64 compressed oops)
# Failed to write core dump. Minidumps are not enabled by default on client versions of Windows
#

---------------  T H R E A D  ---------------

Current thread (0x0000000054e2c800):  JavaThread "C2 CompilerThread0" daemon [_thread_in_native, id=1956, stack(0x00000000567d0000,0x00000000568d0000)]

Stack: [0x00000000567d0000,0x00000000568d0000]
Native frames: (J=compiled Java code, j=interpreted, Vv=VM code, C=native code)
V  [jvm.dll+0x3169ba]
V  [jvm.dll+0x2674c3]
V  [jvm.dll+0x268103]
V  [jvm.dll+0x25f8f5]
V  [jvm.dll+0xbf025]
V  [jvm.dll+0xbf4cc]
V  [jvm.dll+0x45df82]
V  [jvm.dll+0x49f21f]
V  [jvm.dll+0x452f28]
V  [jvm.dll+0x454124]
V  [jvm.dll+0x437c62]
V  [jvm.dll+0x988e2]
V  [jvm.dll+0x990d3]
V  [jvm.dll+0x22c194]
V  [jvm.dll+0x28576a]
C  [msvcr100.dll+0x21d9f]
C  [msvcr100.dll+0x21e3b]
C  [kernel32.dll+0x15a4d]
C  [ntdll.dll+0x2b831]


Current CompileTask:
C2:   4740 2599       4       com.android.dx.merge.DexMerger::transformClassDef (160 bytes)


---------------  P R O C E S S  ---------------

Java Threads: ( => current thread )
  0x0000000055f8b800 JavaThread "Service Thread" daemon [_thread_blocked, id=2680, stack(0x0000000056b50000,0x0000000056c50000)]
  0x0000000055f05800 JavaThread "C1 CompilerThread2" daemon [_thread_in_vm, id=1076, stack(0x0000000056650000,0x0000000056750000)]
  0x0000000055f04000 JavaThread "C2 CompilerThread1" daemon [_thread_in_native, id=4492, stack(0x00000000569b0000,0x0000000056ab0000)]
=>0x0000000054e2c800 JavaThread "C2 CompilerThread0" daemon [_thread_in_native, id=1956, stack(0x00000000567d0000,0x00000000568d0000)]
  0x0000000054e29000 JavaThread "Attach Listener" daemon [_thread_blocked, id=1712, stack(0x0000000056500000,0x0000000056600000)]
  0x0000000054e28000 JavaThread "Signal Dispatcher" daemon [_thread_blocked, id=4340, stack(0x00000000563f0000,0x00000000564f0000)]
  0x0000000054dcd800 JavaThread "Finalizer" daemon [_thread_blocked, id=4372, stack(0x0000000055ca0000,0x0000000055da0000)]
  0x0000000054dc3000 JavaThread "Reference Handler" daemon [_thread_blocked, id=1004, stack(0x0000000055e00000,0x0000000055f00000)]
  0x0000000001da8000 JavaThread "main" [_thread_blocked, id=2960, stack(0x00000000021c0000,0x00000000022c0000)]

Other Threads:
  0x0000000054dbf800 VMThread [stack: 0x0000000055ba0000,0x0000000055ca0000] [id=4992]
  0x0000000055f8c800 WatcherThread [stack: 0x0000000056e10000,0x0000000056f10000] [id=3544]

VM state:synchronizing (normal execution)

VM Mutex/Monitor currently owned by a thread:  ([mutex/lock_event])
[0x0000000001e7dd10] Threads_lock - owner thread: 0x0000000054dbf800
[0x0000000001e7e210] Heap_lock - owner thread: 0x0000000001da8000

Heap:
 PSYoungGen      total 70656K, used 70629K [0x00000000eab00000, 0x00000000efb00000, 0x0000000100000000)
  eden space 62464K, 100% used [0x00000000eab00000,0x00000000ee800000,0x00000000ee800000)
  from space 8192K, 99% used [0x00000000ef100000,0x00000000ef8f9608,0x00000000ef900000)
  to   space 9216K, 0% used [0x00000000ee800000,0x00000000ee800000,0x00000000ef100000)
 ParOldGen       total 42496K, used 30740K [0x00000000c0000000, 0x00000000c2980000, 0x00000000eab00000)
  object space 42496K, 72% used [0x00000000c0000000,0x00000000c1e05270,0x00000000c2980000)
 Metaspace       used 7782K, capacity 8202K, committed 8320K, reserved 1056768K
  class space    used 757K, capacity 821K, committed 896K, reserved 1048576K

Card table byte_map: [0x0000000011950000,0x0000000011b60000] byte_map_base: 0x0000000011350000

Marking Bits: (ParMarkBitMap*) 0x000000006613d4f0
 Begin Bits: [0x0000000012230000, 0x0000000013230000)
 End Bits:   [0x0000000013230000, 0x0000000014230000)

Polling page: 0x0000000000110000

CodeCache: size=245760Kb used=9016Kb max_used=9027Kb free=236743Kb
 bounds [0x0000000002590000, 0x0000000002e70000, 0x0000000011590000]
 total_blobs=2860 nmethods=2573 adapters=201
 compilation: enabled

Compilation events (10 events):
Event: 4.169 Thread 0x0000000054e2c800 nmethod 2574 0x0000000002e52010 code [0x0000000002e52160, 0x0000000002e52218]
Event: 4.169 Thread 0x0000000054e2c800 2575       4       com.android.dx.merge.DexMerger$4::write (9 bytes)
Event: 4.177 Thread 0x0000000054e2c800 nmethod 2575 0x0000000002e60790 code [0x0000000002e60920, 0x0000000002e60ee8]
Event: 4.178 Thread 0x0000000054e2c800 2602       4       com.android.dx.merge.IndexMap$EncodedValueTransformer::transformArray (32 bytes)
Event: 4.199 Thread 0x0000000054e2c800 nmethod 2602 0x0000000002e5f290 code [0x0000000002e5f440, 0x0000000002e5fcd8]
Event: 4.200 Thread 0x0000000054e2c800 2603       4       com.android.dx.merge.IndexMap::adjust (60 bytes)
Event: 4.214 Thread 0x0000000054e2c800 nmethod 2603 0x0000000002e5e150 code [0x0000000002e5e300, 0x0000000002e5ea58]
Event: 4.215 Thread 0x0000000054e2c800 2599       4       com.android.dx.merge.DexMerger::transformClassDef (160 bytes)
Event: 4.297 Thread 0x0000000055f05800 2606       2       com.android.dex.EncodedValueReader::readBoolean (24 bytes)
Event: 4.297 Thread 0x0000000055f05800 nmethod 2606 0x0000000002e51c10 code [0x0000000002e51d80, 0x0000000002e51f28]

GC Heap History (10 events):
Event: 3.084 GC heap before
{Heap before GC invocations=5 (full 0):
 PSYoungGen      total 34304K, used 34157K [0x00000000eab00000, 0x00000000ecf00000, 0x0000000100000000)
  eden space 31744K, 100% used [0x00000000eab00000,0x00000000eca00000,0x00000000eca00000)
  from space 2560K, 94% used [0x00000000ecc80000,0x00000000ecedb6e8,0x00000000ecf00000)
  to   space 2560K, 0% used [0x00000000eca00000,0x00000000eca00000,0x00000000ecc80000)
 ParOldGen       total 42496K, used 15121K [0x00000000c0000000, 0x00000000c2980000, 0x00000000eab00000)
  object space 42496K, 35% used [0x00000000c0000000,0x00000000c0ec44f8,0x00000000c2980000)
 Metaspace       used 7639K, capacity 8100K, committed 8320K, reserved 1056768K
  class space    used 748K, capacity 788K, committed 896K, reserved 1048576K
Event: 3.104 GC heap after
Heap after GC invocations=5 (full 0):
 PSYoungGen      total 34304K, used 2533K [0x00000000eab00000, 0x00000000ef900000, 0x0000000100000000)
  eden space 31744K, 0% used [0x00000000eab00000,0x00000000eab00000,0x00000000eca00000)
  from space 2560K, 98% used [0x00000000eca00000,0x00000000ecc79518,0x00000000ecc80000)
  to   space 8192K, 0% used [0x00000000ef100000,0x00000000ef100000,0x00000000ef900000)
 ParOldGen       total 42496K, used 18312K [0x00000000c0000000, 0x00000000c2980000, 0x00000000eab00000)
  object space 42496K, 43% used [0x00000000c0000000,0x00000000c11e2168,0x00000000c2980000)
 Metaspace       used 7639K, capacity 8100K, committed 8320K, reserved 1056768K
  class space    used 748K, capacity 788K, committed 896K, reserved 1048576K
}
Event: 3.290 GC heap before
{Heap before GC invocations=6 (full 0):
 PSYoungGen      total 34304K, used 34277K [0x00000000eab00000, 0x00000000ef900000, 0x0000000100000000)
  eden space 31744K, 100% used [0x00000000eab00000,0x00000000eca00000,0x00000000eca00000)
  from space 2560K, 98% used [0x00000000eca00000,0x00000000ecc79518,0x00000000ecc80000)
  to   space 8192K, 0% used [0x00000000ef100000,0x00000000ef100000,0x00000000ef900000)
 ParOldGen       total 42496K, used 18312K [0x00000000c0000000, 0x00000000c2980000, 0x00000000eab00000)
  object space 42496K, 43% used [0x00000000c0000000,0x00000000c11e2168,0x00000000c2980000)
 Metaspace       used 7672K, capacity 8100K, committed 8320K, reserved 1056768K
  class space    used 748K, capacity 788K, committed 896K, reserved 1048576K
Event: 3.303 GC heap after
Heap after GC invocations=6 (full 0):
 PSYoungGen      total 70656K, used 8151K [0x00000000eab00000, 0x00000000efb00000, 0x0000000100000000)
  eden space 62464K, 0% used [0x00000000eab00000,0x00000000eab00000,0x00000000ee800000)
  from space 8192K, 99% used [0x00000000ef100000,0x00000000ef8f5e10,0x00000000ef900000)
  to   space 9216K, 0% used [0x00000000ee800000,0x00000000ee800000,0x00000000ef100000)
 ParOldGen       total 42496K, used 18312K [0x00000000c0000000, 0x00000000c2980000, 0x00000000eab00000)
  object space 42496K, 43% used [0x00000000c0000000,0x00000000c11e2168,0x00000000c2980000)
 Metaspace       used 7672K, capacity 8100K, committed 8320K, reserved 1056768K
  class space    used 748K, capacity 788K, committed 896K, reserved 1048576K
}
Event: 3.613 GC heap before
{Heap before GC invocations=7 (full 0):
 PSYoungGen      total 70656K, used 70615K [0x00000000eab00000, 0x00000000efb00000, 0x0000000100000000)
  eden space 62464K, 100% used [0x00000000eab00000,0x00000000ee800000,0x00000000ee800000)
  from space 8192K, 99% used [0x00000000ef100000,0x00000000ef8f5e10,0x00000000ef900000)
  to   space 9216K, 0% used [0x00000000ee800000,0x00000000ee800000,0x00000000ef100000)
 ParOldGen       total 42496K, used 18312K [0x00000000c0000000, 0x00000000c2980000, 0x00000000eab00000)
  object space 42496K, 43% used [0x00000000c0000000,0x00000000c11e2168,0x00000000c2980000)
 Metaspace       used 7771K, capacity 8202K, committed 8320K, reserved 1056768K
  class space    used 757K, capacity 821K, committed 896K, reserved 1048576K
Event: 3.658 GC heap after
Heap after GC invocations=7 (full 0):
 PSYoungGen      total 71680K, used 5401K [0x00000000eab00000, 0x00000000efb00000, 0x0000000100000000)
  eden space 62464K, 0% used [0x00000000eab00000,0x00000000eab00000,0x00000000ee800000)
  from space 9216K, 58% used [0x00000000ee800000,0x00000000eed46570,0x00000000ef100000)
  to   space 8192K, 0% used [0x00000000ef100000,0x00000000ef100000,0x00000000ef900000)
 ParOldGen       total 42496K, used 19920K [0x00000000c0000000, 0x00000000c2980000, 0x00000000eab00000)
  object space 42496K, 46% used [0x00000000c0000000,0x00000000c1374328,0x00000000c2980000)
 Metaspace       used 7771K, capacity 8202K, committed 8320K, reserved 1056768K
  class space    used 757K, capacity 821K, committed 896K, reserved 1048576K
}
Event: 3.887 GC heap before
{Heap before GC invocations=8 (full 0):
 PSYoungGen      total 71680K, used 67865K [0x00000000eab00000, 0x00000000efb00000, 0x0000000100000000)
  eden space 62464K, 100% used [0x00000000eab00000,0x00000000ee800000,0x00000000ee800000)
  from space 9216K, 58% used [0x00000000ee800000,0x00000000eed46570,0x00000000ef100000)
  to   space 8192K, 0% used [0x00000000ef100000,0x00000000ef100000,0x00000000ef900000)
 ParOldGen       total 42496K, used 19920K [0x00000000c0000000, 0x00000000c2980000, 0x00000000eab00000)
  object space 42496K, 46% used [0x00000000c0000000,0x00000000c1374328,0x00000000c2980000)
 Metaspace       used 7779K, capacity 8202K, committed 8320K, reserved 1056768K
  class space    used 757K, capacity 821K, committed 896K, reserved 1048576K
Event: 3.892 GC heap after
Heap after GC invocations=8 (full 0):
 PSYoungGen      total 70656K, used 6597K [0x00000000eab00000, 0x00000000efb00000, 0x0000000100000000)
  eden space 62464K, 0% used [0x00000000eab00000,0x00000000eab00000,0x00000000ee800000)
  from space 8192K, 80% used [0x00000000ef100000,0x00000000ef771468,0x00000000ef900000)
  to   space 9216K, 0% used [0x00000000ee800000,0x00000000ee800000,0x00000000ef100000)
 ParOldGen       total 42496K, used 22237K [0x00000000c0000000, 0x00000000c2980000, 0x00000000eab00000)
  object space 42496K, 52% used [0x00000000c0000000,0x00000000c15b76f8,0x00000000c2980000)
 Metaspace       used 7779K, capacity 8202K, committed 8320K, reserved 1056768K
  class space    used 757K, capacity 821K, committed 896K, reserved 1048576K
}
Event: 4.099 GC heap before
{Heap before GC invocations=9 (full 0):
 PSYoungGen      total 70656K, used 65227K [0x00000000eab00000, 0x00000000efb00000, 0x0000000100000000)
  eden space 62464K, 93% used [0x00000000eab00000,0x00000000ee4417c8,0x00000000ee800000)
  from space 8192K, 80% used [0x00000000ef100000,0x00000000ef771468,0x00000000ef900000)
  to   space 9216K, 0% used [0x00000000ee800000,0x00000000ee800000,0x00000000ef100000)
 ParOldGen       total 42496K, used 22237K [0x00000000c0000000, 0x00000000c2980000, 0x00000000eab00000)
  object space 42496K, 52% used [0x00000000c0000000,0x00000000c15b76f8,0x00000000c2980000)
 Metaspace       used 7780K, capacity 8202K, committed 8320K, reserved 1056768K
  class space    used 757K, capacity 821K, committed 896K, reserved 1048576K
Event: 4.134 GC heap after
Heap after GC invocations=9 (full 0):
 PSYoungGen      total 71680K, used 5582K [0x00000000eab00000, 0x00000000efb00000, 0x0000000100000000)
  eden space 62464K, 0% used [0x00000000eab00000,0x00000000eab00000,0x00000000ee800000)
  from space 9216K, 60% used [0x00000000ee800000,0x00000000eed73be0,0x00000000ef100000)
  to   space 8192K, 0% used [0x00000000ef100000,0x00000000ef100000,0x00000000ef900000)
 ParOldGen       total 42496K, used 23256K [0x00000000c0000000, 0x00000000c2980000, 0x00000000eab00000)
  object space 42496K, 54% used [0x00000000c0000000,0x00000000c16b6210,0x00000000c2980000)
 Metaspace       used 7780K, capacity 8202K, committed 8320K, reserved 1056768K
  class space    used 757K, capacity 821K, committed 896K, reserved 1048576K
}

Deoptimization events (10 events):
Event: 2.540 Thread 0x0000000001da8000 Uncommon trap: reason=unreached action=reinterpret pc=0x0000000002c4a144 method=java.util.HashMap.putVal(ILjava/lang/Object;Ljava/lang/Object;ZZ)Ljava/lang/Object; @ 109
Event: 2.540 Thread 0x0000000001da8000 Uncommon trap: reason=unreached action=reinterpret pc=0x0000000002c4788c method=java.util.HashMap.putVal(ILjava/lang/Object;Ljava/lang/Object;ZZ)Ljava/lang/Object; @ 109
Event: 2.681 Thread 0x0000000001da8000 Uncommon trap: reason=class_check action=maybe_recompile pc=0x0000000002b2cabc method=java.util.ArrayList.<init>(Ljava/util/Collection;)V @ 6
Event: 2.683 Thread 0x0000000001da8000 Uncommon trap: reason=unreached action=reinterpret pc=0x0000000002cc4af8 method=sun.misc.URLClassPath$JarLoader.getResource(Ljava/lang/String;Z)Lsun/misc/Resource; @ 47
Event: 2.698 Thread 0x0000000001da8000 Uncommon trap: reason=class_check action=maybe_recompile pc=0x0000000002b2cabc method=java.util.ArrayList.<init>(Ljava/util/Collection;)V @ 6
Event: 2.723 Thread 0x0000000001da8000 Uncommon trap: reason=predicate action=maybe_recompile pc=0x0000000002cdbba8 method=com.android.dex.Leb128.readUnsignedLeb128(Lcom/android/dex/util/ByteInput;)I @ 41
Event: 2.952 Thread 0x0000000001da8000 Uncommon trap: reason=unreached action=reinterpret pc=0x0000000002b90c0c method=java.util.HashMap.getNode(ILjava/lang/Object;)Ljava/util/HashMap$Node; @ 84
Event: 2.953 Thread 0x0000000001da8000 Uncommon trap: reason=unreached action=reinterpret pc=0x0000000002b827a8 method=java.util.HashMap.getNode(ILjava/lang/Object;)Ljava/util/HashMap$Node; @ 84
Event: 3.147 Thread 0x0000000001da8000 Uncommon trap: reason=unloaded action=reinterpret pc=0x0000000002dd9360 method=com.android.dx.io.instructions.InstructionCodec.decodeRegisterList(Lcom/android/dx/io/instructions/InstructionCodec;ILcom/android/dx/io/instructions/CodeInput;)Lcom/android/dx/i
Event: 3.147 Thread 0x0000000001da8000 Uncommon trap: reason=unloaded action=reinterpret pc=0x0000000002ddb304 method=com.android.dx.io.instructions.InstructionCodec.decodeRegisterList(Lcom/android/dx/io/instructions/InstructionCodec;ILcom/android/dx/io/instructions/CodeInput;)Lcom/android/dx/i—D+~eQ@

Internal exceptions (10 events):
Event: 2.598 Thread 0x0000000001da8000 Exception <a 'java/security/PrivilegedActionException'> (0x00000000eb27e250) thrown at [C:\workspace\8-2-build-windows-amd64-cygwin\jdk8u31\2394\hotspot\src\share\vm\prims\jvm.cpp, line 1312]
Event: 2.599 Thread 0x0000000001da8000 Exception <a 'java/security/PrivilegedActionException'> (0x00000000eb281480) thrown at [C:\workspace\8-2-build-windows-amd64-cygwin\jdk8u31\2394\hotspot\src\share\vm\prims\jvm.cpp, line 1312]
Event: 2.600 Thread 0x0000000001da8000 Exception <a 'java/security/PrivilegedActionException'> (0x00000000eb284ae8) thrown at [C:\workspace\8-2-build-windows-amd64-cygwin\jdk8u31\2394\hotspot\src\share\vm\prims\jvm.cpp, line 1312]
Event: 2.605 Thread 0x0000000001da8000 Exception <a 'java/security/PrivilegedActionException'> (0x00000000eb28bed0) thrown at [C:\workspace\8-2-build-windows-amd64-cygwin\jdk8u31\2394\hotspot\src\share\vm\prims\jvm.cpp, line 1312]
Event: 2.606 Thread 0x0000000001da8000 Exception <a 'java/security/PrivilegedActionException'> (0x00000000eb28e2b0) thrown at [C:\workspace\8-2-build-windows-amd64-cygwin\jdk8u31\2394\hotspot\src\share\vm\prims\jvm.cpp, line 1312]
Event: 2.678 Thread 0x0000000001da8000 Exception <a 'java/security/PrivilegedActionException'> (0x00000000eb3b2210) thrown at [C:\workspace\8-2-build-windows-amd64-cygwin\jdk8u31\2394\hotspot\src\share\vm\prims\jvm.cpp, line 1312]
Event: 2.678 Thread 0x0000000001da8000 Exception <a 'java/security/PrivilegedActionException'> (0x00000000eb3b2558) thrown at [C:\workspace\8-2-build-windows-amd64-cygwin\jdk8u31\2394\hotspot\src\share\vm\prims\jvm.cpp, line 1312]
Event: 2.679 Thread 0x0000000001da8000 Exception <a 'java/security/PrivilegedActionException'> (0x00000000eb3b6610) thrown at [C:\workspace\8-2-build-windows-amd64-cygwin\jdk8u31\2394\hotspot\src\share\vm\prims\jvm.cpp, line 1312]
Event: 2.679 Thread 0x0000000001da8000 Exception <a 'java/security/PrivilegedActionException'> (0x00000000eb3b6958) thrown at [C:\workspace\8-2-build-windows-amd64-cygwin\jdk8u31\2394\hotspot\src\share\vm\prims\jvm.cpp, line 1312]
Event: 3.114 Thread 0x0000000001da8000 Exception <a 'java/security/PrivilegedActionException'> (0x00000000eac34750) thrown at [C:\workspace\8-2-build-windows-amd64-cygwin\jdk8u31\2394\hotspot\src\share\vm\prims\jvm.cpp, line 1312]

Events (10 events):
Event: 3.542 loading class sun/reflect/BootstrapConstructorAccessorImpl
Event: 3.542 loading class sun/reflect/BootstrapConstructorAccessorImpl done
Event: 3.613 Executing VM operation: ParallelGCFailedAllocation
Event: 3.658 Executing VM operation: ParallelGCFailedAllocation done
Event: 3.887 Executing VM operation: ParallelGCFailedAllocation
Event: 3.892 Executing VM operation: ParallelGCFailedAllocation done
Event: 4.099 Executing VM operation: ParallelGCFailedAllocation
Event: 4.134 Executing VM operation: ParallelGCFailedAllocation done
Event: 4.191 Executing VM operation: EnableBiasedLocking
Event: 4.191 Executing VM operation: EnableBiasedLocking done


Dynamic libraries:
0x000000013fda0000 - 0x000000013fdd4000 	C:\Program Files\Java\jdk1.8.0_31\bin\java.exe
0x0000000077c40000 - 0x0000000077de9000 	C:\Windows\SYSTEM32\ntdll.dll
0x0000000077b20000 - 0x0000000077c40000 	C:\Windows\system32\kernel32.dll
0x000007fefda00000 - 0x000007fefda6c000 	C:\Windows\system32\KERNELBASE.dll
0x000007feff660000 - 0x000007feff73b000 	C:\Windows\system32\ADVAPI32.dll
0x000007feffce0000 - 0x000007feffd7f000 	C:\Windows\system32\msvcrt.dll
0x000007fefe810000 - 0x000007fefe82f000 	C:\Windows\SYSTEM32\sechost.dll
0x000007fefe470000 - 0x000007fefe59d000 	C:\Windows\system32\RPCRT4.dll
0x0000000077a20000 - 0x0000000077b1a000 	C:\Windows\system32\USER32.dll
0x000007fefdfa0000 - 0x000007fefe007000 	C:\Windows\system32\GDI32.dll
0x000007feffe90000 - 0x000007feffe9e000 	C:\Windows\system32\LPK.dll
0x000007fefe740000 - 0x000007fefe80a000 	C:\Windows\system32\USP10.dll
0x000007fefbf70000 - 0x000007fefc164000 	C:\Windows\WinSxS\amd64_microsoft.windows.common-controls_6595b64144ccf1df_6.0.7601.18837_none_fa3b1e3d17594757\COMCTL32.dll
0x000007feff7e0000 - 0x000007feff851000 	C:\Windows\system32\SHLWAPI.dll
0x000007fefff20000 - 0x000007fefff4e000 	C:\Windows\system32\IMM32.DLL
0x000007feffd80000 - 0x000007feffe89000 	C:\Windows\system32\MSCTF.dll
0x000000006ae20000 - 0x000000006aef2000 	C:\Program Files\Java\jdk1.8.0_31\jre\bin\msvcr100.dll
0x0000000065960000 - 0x00000000661ba000 	C:\Program Files\Java\jdk1.8.0_31\jre\bin\server\jvm.dll
0x000007fef8690000 - 0x000007fef8699000 	C:\Windows\system32\WSOCK32.dll
0x000007fefe010000 - 0x000007fefe05d000 	C:\Windows\system32\WS2_32.dll
0x000007fefe5a0000 - 0x000007fefe5a8000 	C:\Windows\system32\NSI.dll
0x000007fef9960000 - 0x000007fef999b000 	C:\Windows\system32\WINMM.dll
0x0000000077e10000 - 0x0000000077e17000 	C:\Windows\system32\PSAPI.DLL
0x0000000073190000 - 0x000000007319f000 	C:\Program Files\Java\jdk1.8.0_31\jre\bin\verify.dll
0x000000006b430000 - 0x000000006b458000 	C:\Program Files\Java\jdk1.8.0_31\jre\bin\java.dll
0x000000006b3b0000 - 0x000000006b3c6000 	C:\Program Files\Java\jdk1.8.0_31\jre\bin\zip.dll
0x000007fefe830000 - 0x000007feff5b9000 	C:\Windows\system32\SHELL32.dll
0x000007feff860000 - 0x000007feffa63000 	C:\Windows\system32\ole32.dll
0x000007fefd9f0000 - 0x000007fefd9ff000 	C:\Windows\system32\profapi.dll
0x000007fef0020000 - 0x000007fef0145000 	C:\Windows\system32\dbghelp.dll

VM Arguments:
jvm_args: -Xmx1024M -Dfile.encoding=windows-1252 -Duser.country=ES -Duser.language=es -Duser.variant 
java_command: com.android.dx.command.Main --dex --output C:\Users\user\AndroidStudioProjects\HistoriaLiga\app\build\intermediates\dex\release C:\Users\user\AndroidStudioProjects\HistoriaLiga\app\build\intermediates\classes\release C:\Users\user\AndroidStudioProjects\HistoriaLiga\app\build\intermediates\pre-dexed\release\support-annotations-23.1.0-663270283fa374e7034b14be5a187e68c8881c63.jar C:\Users\user\AndroidStudioProjects\HistoriaLiga\app\build\intermediates\pre-dexed\release\classes-0d2c290a88c1be7b05bc138ee43dd32d1b3772ac.jar C:\Users\user\AndroidStudioProjects\HistoriaLiga\app\build\intermediates\pre-dexed\release\classes-a12d526634517b53699094ed5c2084e9304e1550.jar C:\Users\user\AndroidStudioProjects\HistoriaLiga\app\build\intermediates\pre-dexed\release\classes-0cfe8a8eedf605a9ac82b2109cec5ce2f27f2c99.jar C:\Users\user\AndroidStudioProjects\HistoriaLiga\app\build\intermediates\pre-dexed\release\classes-49041fa79c1af128bdd48a88b795f05c6378ab36.jar C:\Users\user\AndroidStudioProjects\HistoriaLiga\app\build\intermediates\pre-dexed\release\classes-6da9773ce5a73ef6875586a68edc0ca62d0bed81.jar C:\Users\user\AndroidStudioProjects\HistoriaLiga\app\build\intermediates\pre-dexed\release\classes-ea91ffda42904ed951b6c4eb28db073b0c84c7cb.jar C:\Users\user\AndroidStudioProjects\HistoriaLiga\app\build\intermediates\pre-dexed\release\classes-b70c0554aa35762b0eeab5df4d23890553cce148.jar C:\Users\user\AndroidStudioProjects\HistoriaLiga\app\build\intermediates\pre-dexed\release\classes-ad24c3118fb249b6dc1d3705064a7b2b51012e56.jar C:\Users\user\AndroidStudioProjects\HistoriaLiga\app\build\intermediates\pre-dexed\release\classes-dd82784edb4b12bcaed470ff8dc076bb53211e56.jar C:\Users\user\AndroidStudioProjects\HistoriaLiga\app\build\intermediates\pre-dexed\release\classes-2d6234c74693294aa6bf80244dba8bb7bd653946.jar C:\Users\user\AndroidStudioProjects\HistoriaLiga\app\build\intermediates\pre-dexed\release\aws-android-sdk-cognito-2.2.9-2315d44afe94cb1e23ce19908eedd5f64bb4adcb.ja
java_class_path (initial): C:\Users\user\AppData\Local\Android\sdk\build-tools\21.1.2\lib\dx.jar
Launcher Type: SUN_STANDARD

Environment Variables:
PATH=C:\ProgramData\Oracle\Java\javapath;C:\Windows\system32;C:\Windows;C:\Windows\System32\Wbem;C:\Windows\System32\WindowsPowerShell\v1.0\;C:\Program Files\Intel\WiFi\bin\;C:\Program Files\Common Files\Intel\WirelessCommon\;C:\Program Files\ThinkPad\Bluetooth Software\;C:\Program Files\ThinkPad\Bluetooth Software\syswow64;C:\Program Files\Intel\WiFi\bin\;C:\Program Files\Common Files\Intel\WirelessCommon\
USERNAME=user
OS=Windows_NT
PROCESSOR_IDENTIFIER=Intel64 Family 6 Model 37 Stepping 5, GenuineIntel



---------------  S Y S T E M  ---------------

OS: Windows 7 , 64 bit Build 7601 Service Pack 1

CPU:total 4 (2 cores per cpu, 2 threads per core) family 6 model 37 stepping 5, cmov, cx8, fxsr, mmx, sse, sse2, sse3, ssse3, sse4.1, sse4.2, popcnt, aes, clmul, ht, tsc, tscinvbit

Memory: 4k page, physical 3985072k(430376k free), swap 4642608k(8200k free)

vm_info: Java HotSpot(TM) 64-Bit Server VM (25.31-b07) for windows-amd64 JRE (1.8.0_31-b13), built on Dec 17 2014 21:00:28 by "java_re" with MS VC++ 10.0 (VS2010)

time: Wed Jan 13 22:43:04 2016
elapsed time: 4 seconds (0d 0h 0m 4s)

